2019-05-02 18:39:19 [192.168.2.1][-][-][warning][yii\debug\Module::checkAccess] Access to debugger is denied due to IP address restriction. The requesting IP address is 192.168.2.1
2019-05-02 18:39:19 [192.168.2.1][-][-][info][application] $_GET = []

$_POST = []

$_FILES = []

$_COOKIE = []

$_SESSION = [
    '__flash' => []
    '__returnUrl' => '/'
]

$_SERVER = [
    'HTTP_HOST' => 'monitoring.mutu.test'
    'HTTP_CONNECTION' => 'keep-alive'
    'HTTP_UPGRADE_INSECURE_REQUESTS' => '1'
    'HTTP_USER_AGENT' => 'Mozilla/5.0 (X11; Linux x86_64) AppleWebKit/537.36 (KHTML, like Gecko) Chrome/74.0.3729.131 Safari/537.36'
    'HTTP_DNT' => '1'
    'HTTP_ACCEPT' => 'text/html,application/xhtml+xml,application/xml;q=0.9,image/webp,image/apng,*/*;q=0.8,application/signed-exchange;v=b3'
    'HTTP_ACCEPT_ENCODING' => 'gzip, deflate'
    'HTTP_ACCEPT_LANGUAGE' => 'en-US,en;q=0.9,id-ID;q=0.8,id;q=0.7,en-GB;q=0.6'
    'PATH' => '/usr/local/sbin:/usr/local/bin:/usr/sbin:/usr/bin:/sbin:/bin'
    'SERVER_SIGNATURE' => '<address>Apache/2.4.18 (Ubuntu) Server at monitoring.mutu.test Port 80</address>
'
    'SERVER_SOFTWARE' => 'Apache/2.4.18 (Ubuntu)'
    'SERVER_NAME' => 'monitoring.mutu.test'
    'SERVER_ADDR' => '192.168.2.2'
    'SERVER_PORT' => '80'
    'REMOTE_ADDR' => '192.168.2.1'
    'DOCUMENT_ROOT' => '/app/monitoring/web'
    'REQUEST_SCHEME' => 'http'
    'CONTEXT_PREFIX' => ''
    'CONTEXT_DOCUMENT_ROOT' => '/app/monitoring/web'
    'SERVER_ADMIN' => 'admin@mutu.test'
    'SCRIPT_FILENAME' => '/app/monitoring/web/index.php'
    'REMOTE_PORT' => '46434'
    'GATEWAY_INTERFACE' => 'CGI/1.1'
    'SERVER_PROTOCOL' => 'HTTP/1.1'
    'REQUEST_METHOD' => 'GET'
    'QUERY_STRING' => ''
    'REQUEST_URI' => '/'
    'SCRIPT_NAME' => '/index.php'
    'PHP_SELF' => '/index.php'
    'REQUEST_TIME_FLOAT' => 1556822359.691
    'REQUEST_TIME' => 1556822359
]
2019-05-02 18:39:19 [192.168.2.1][-][-][warning][yii\log\Dispatcher::dispatch] Unable to send log via yii\debug\LogTarget: Exception (Invalid Configuration) 'yii\base\InvalidConfigException' with message 'Unable to open debug data index file: /app/monitoring/runtime/debug/index.data' 

in /app/vendor/yiisoft/yii2-debug/src/LogTarget.php:88

Stack trace:
#0 /app/vendor/yiisoft/yii2-debug/src/LogTarget.php(74): yii\debug\LogTarget->updateIndexFile('/app/monitoring...', Array)
#1 /app/vendor/yiisoft/yii2-debug/src/LogTarget.php(130): yii\debug\LogTarget->export()
#2 /app/vendor/yiisoft/yii2/log/Dispatcher.php(189): yii\debug\LogTarget->collect(Array, true)
#3 /app/vendor/yiisoft/yii2/log/Logger.php(177): yii\log\Dispatcher->dispatch(Array, true)
#4 [internal function]: yii\log\Logger->flush(true)
#5 {main}
2019-05-02 18:39:19 [192.168.2.1][-][-][info][application] $_GET = []

$_POST = []

$_FILES = []

$_COOKIE = []

$_SESSION = [
    '__flash' => []
    '__returnUrl' => '/'
]

$_SERVER = [
    'HTTP_HOST' => 'monitoring.mutu.test'
    'HTTP_CONNECTION' => 'keep-alive'
    'HTTP_UPGRADE_INSECURE_REQUESTS' => '1'
    'HTTP_USER_AGENT' => 'Mozilla/5.0 (X11; Linux x86_64) AppleWebKit/537.36 (KHTML, like Gecko) Chrome/74.0.3729.131 Safari/537.36'
    'HTTP_DNT' => '1'
    'HTTP_ACCEPT' => 'text/html,application/xhtml+xml,application/xml;q=0.9,image/webp,image/apng,*/*;q=0.8,application/signed-exchange;v=b3'
    'HTTP_ACCEPT_ENCODING' => 'gzip, deflate'
    'HTTP_ACCEPT_LANGUAGE' => 'en-US,en;q=0.9,id-ID;q=0.8,id;q=0.7,en-GB;q=0.6'
    'PATH' => '/usr/local/sbin:/usr/local/bin:/usr/sbin:/usr/bin:/sbin:/bin'
    'SERVER_SIGNATURE' => '<address>Apache/2.4.18 (Ubuntu) Server at monitoring.mutu.test Port 80</address>
'
    'SERVER_SOFTWARE' => 'Apache/2.4.18 (Ubuntu)'
    'SERVER_NAME' => 'monitoring.mutu.test'
    'SERVER_ADDR' => '192.168.2.2'
    'SERVER_PORT' => '80'
    'REMOTE_ADDR' => '192.168.2.1'
    'DOCUMENT_ROOT' => '/app/monitoring/web'
    'REQUEST_SCHEME' => 'http'
    'CONTEXT_PREFIX' => ''
    'CONTEXT_DOCUMENT_ROOT' => '/app/monitoring/web'
    'SERVER_ADMIN' => 'admin@mutu.test'
    'SCRIPT_FILENAME' => '/app/monitoring/web/index.php'
    'REMOTE_PORT' => '46434'
    'GATEWAY_INTERFACE' => 'CGI/1.1'
    'SERVER_PROTOCOL' => 'HTTP/1.1'
    'REQUEST_METHOD' => 'GET'
    'QUERY_STRING' => ''
    'REQUEST_URI' => '/'
    'SCRIPT_NAME' => '/index.php'
    'PHP_SELF' => '/index.php'
    'REQUEST_TIME_FLOAT' => 1556822359.691
    'REQUEST_TIME' => 1556822359
]
2019-05-02 18:39:19 [192.168.2.1][-][-][warning][yii\debug\Module::checkAccess] Access to debugger is denied due to IP address restriction. The requesting IP address is 192.168.2.1
    in /app/monitoring/views/layouts/main.php:77
    in /app/monitoring/controllers/SiteController.php:84
2019-05-02 18:39:19 [192.168.2.1][-][-][warning][yii\debug\Module::checkAccess] Access to debugger is denied due to IP address restriction. The requesting IP address is 192.168.2.1
2019-05-02 18:39:19 [192.168.2.1][-][-][info][application] $_GET = []

$_POST = []

$_FILES = []

$_COOKIE = [
    'advanced-monitoring' => 'bsl9qb0nu8lvnio9nkcbrkdpq7'
]

$_SESSION = [
    '__flash' => []
    '__returnUrl' => '/'
]

$_SERVER = [
    'REDIRECT_STATUS' => '200'
    'HTTP_HOST' => 'monitoring.mutu.test'
    'HTTP_CONNECTION' => 'keep-alive'
    'HTTP_UPGRADE_INSECURE_REQUESTS' => '1'
    'HTTP_USER_AGENT' => 'Mozilla/5.0 (X11; Linux x86_64) AppleWebKit/537.36 (KHTML, like Gecko) Chrome/74.0.3729.131 Safari/537.36'
    'HTTP_DNT' => '1'
    'HTTP_ACCEPT' => 'text/html,application/xhtml+xml,application/xml;q=0.9,image/webp,image/apng,*/*;q=0.8,application/signed-exchange;v=b3'
    'HTTP_ACCEPT_ENCODING' => 'gzip, deflate'
    'HTTP_ACCEPT_LANGUAGE' => 'en-US,en;q=0.9,id-ID;q=0.8,id;q=0.7,en-GB;q=0.6'
    'HTTP_COOKIE' => 'advanced-monitoring=bsl9qb0nu8lvnio9nkcbrkdpq7'
    'PATH' => '/usr/local/sbin:/usr/local/bin:/usr/sbin:/usr/bin:/sbin:/bin'
    'SERVER_SIGNATURE' => '<address>Apache/2.4.18 (Ubuntu) Server at monitoring.mutu.test Port 80</address>
'
    'SERVER_SOFTWARE' => 'Apache/2.4.18 (Ubuntu)'
    'SERVER_NAME' => 'monitoring.mutu.test'
    'SERVER_ADDR' => '192.168.2.2'
    'SERVER_PORT' => '80'
    'REMOTE_ADDR' => '192.168.2.1'
    'DOCUMENT_ROOT' => '/app/monitoring/web'
    'REQUEST_SCHEME' => 'http'
    'CONTEXT_PREFIX' => ''
    'CONTEXT_DOCUMENT_ROOT' => '/app/monitoring/web'
    'SERVER_ADMIN' => 'admin@mutu.test'
    'SCRIPT_FILENAME' => '/app/monitoring/web/index.php'
    'REMOTE_PORT' => '46434'
    'REDIRECT_URL' => '/site/login'
    'GATEWAY_INTERFACE' => 'CGI/1.1'
    'SERVER_PROTOCOL' => 'HTTP/1.1'
    'REQUEST_METHOD' => 'GET'
    'QUERY_STRING' => ''
    'REQUEST_URI' => '/site/login'
    'SCRIPT_NAME' => '/index.php'
    'PHP_SELF' => '/index.php'
    'REQUEST_TIME_FLOAT' => 1556822359.733
    'REQUEST_TIME' => 1556822359
]
2019-05-02 18:39:19 [192.168.2.1][-][-][warning][yii\log\Dispatcher::dispatch] Unable to send log via yii\debug\LogTarget: Exception (Invalid Configuration) 'yii\base\InvalidConfigException' with message 'Unable to open debug data index file: /app/monitoring/runtime/debug/index.data' 

in /app/vendor/yiisoft/yii2-debug/src/LogTarget.php:88

Stack trace:
#0 /app/vendor/yiisoft/yii2-debug/src/LogTarget.php(74): yii\debug\LogTarget->updateIndexFile('/app/monitoring...', Array)
#1 /app/vendor/yiisoft/yii2-debug/src/LogTarget.php(130): yii\debug\LogTarget->export()
#2 /app/vendor/yiisoft/yii2/log/Dispatcher.php(189): yii\debug\LogTarget->collect(Array, true)
#3 /app/vendor/yiisoft/yii2/log/Logger.php(177): yii\log\Dispatcher->dispatch(Array, true)
#4 [internal function]: yii\log\Logger->flush(true)
#5 {main}
2019-05-02 18:39:19 [192.168.2.1][-][-][info][application] $_GET = []

$_POST = []

$_FILES = []

$_COOKIE = [
    'advanced-monitoring' => 'bsl9qb0nu8lvnio9nkcbrkdpq7'
]

$_SESSION = [
    '__flash' => []
    '__returnUrl' => '/'
]

$_SERVER = [
    'REDIRECT_STATUS' => '200'
    'HTTP_HOST' => 'monitoring.mutu.test'
    'HTTP_CONNECTION' => 'keep-alive'
    'HTTP_UPGRADE_INSECURE_REQUESTS' => '1'
    'HTTP_USER_AGENT' => 'Mozilla/5.0 (X11; Linux x86_64) AppleWebKit/537.36 (KHTML, like Gecko) Chrome/74.0.3729.131 Safari/537.36'
    'HTTP_DNT' => '1'
    'HTTP_ACCEPT' => 'text/html,application/xhtml+xml,application/xml;q=0.9,image/webp,image/apng,*/*;q=0.8,application/signed-exchange;v=b3'
    'HTTP_ACCEPT_ENCODING' => 'gzip, deflate'
    'HTTP_ACCEPT_LANGUAGE' => 'en-US,en;q=0.9,id-ID;q=0.8,id;q=0.7,en-GB;q=0.6'
    'HTTP_COOKIE' => 'advanced-monitoring=bsl9qb0nu8lvnio9nkcbrkdpq7'
    'PATH' => '/usr/local/sbin:/usr/local/bin:/usr/sbin:/usr/bin:/sbin:/bin'
    'SERVER_SIGNATURE' => '<address>Apache/2.4.18 (Ubuntu) Server at monitoring.mutu.test Port 80</address>
'
    'SERVER_SOFTWARE' => 'Apache/2.4.18 (Ubuntu)'
    'SERVER_NAME' => 'monitoring.mutu.test'
    'SERVER_ADDR' => '192.168.2.2'
    'SERVER_PORT' => '80'
    'REMOTE_ADDR' => '192.168.2.1'
    'DOCUMENT_ROOT' => '/app/monitoring/web'
    'REQUEST_SCHEME' => 'http'
    'CONTEXT_PREFIX' => ''
    'CONTEXT_DOCUMENT_ROOT' => '/app/monitoring/web'
    'SERVER_ADMIN' => 'admin@mutu.test'
    'SCRIPT_FILENAME' => '/app/monitoring/web/index.php'
    'REMOTE_PORT' => '46434'
    'REDIRECT_URL' => '/site/login'
    'GATEWAY_INTERFACE' => 'CGI/1.1'
    'SERVER_PROTOCOL' => 'HTTP/1.1'
    'REQUEST_METHOD' => 'GET'
    'QUERY_STRING' => ''
    'REQUEST_URI' => '/site/login'
    'SCRIPT_NAME' => '/index.php'
    'PHP_SELF' => '/index.php'
    'REQUEST_TIME_FLOAT' => 1556822359.733
    'REQUEST_TIME' => 1556822359
]
2019-05-03 02:08:56 [192.168.2.1][-][-][warning][yii\debug\Module::checkAccess] Access to debugger is denied due to IP address restriction. The requesting IP address is 192.168.2.1
2019-05-03 02:08:55 [192.168.2.1][-][-][info][application] $_GET = []

$_POST = []

$_FILES = []

$_COOKIE = [
    'advanced-monitoring' => 'bsl9qb0nu8lvnio9nkcbrkdpq7'
    '_csrf-monitoring' => '00a22e9df0adfc242f29d9d1aac91074c5c50d1d11834a161097a8dce6322c78a:2:{i:0;s:16:\"_csrf-monitoring\";i:1;s:32:\"kvj_YY6JtkoJ263NRHlPtUKMRhaQRbpA\";}'
]

$_SESSION = [
    '__flash' => []
    '__returnUrl' => '/'
]

$_SERVER = [
    'HTTP_HOST' => 'monitoring.mutu.test'
    'HTTP_CONNECTION' => 'keep-alive'
    'HTTP_UPGRADE_INSECURE_REQUESTS' => '1'
    'HTTP_USER_AGENT' => 'Mozilla/5.0 (X11; Linux x86_64) AppleWebKit/537.36 (KHTML, like Gecko) Chrome/74.0.3729.131 Safari/537.36'
    'HTTP_DNT' => '1'
    'HTTP_ACCEPT' => 'text/html,application/xhtml+xml,application/xml;q=0.9,image/webp,image/apng,*/*;q=0.8,application/signed-exchange;v=b3'
    'HTTP_ACCEPT_ENCODING' => 'gzip, deflate'
    'HTTP_ACCEPT_LANGUAGE' => 'en-US,en;q=0.9,id-ID;q=0.8,id;q=0.7,en-GB;q=0.6'
    'HTTP_COOKIE' => 'advanced-monitoring=bsl9qb0nu8lvnio9nkcbrkdpq7; _csrf-monitoring=00a22e9df0adfc242f29d9d1aac91074c5c50d1d11834a161097a8dce6322c78a%3A2%3A%7Bi%3A0%3Bs%3A16%3A%22_csrf-monitoring%22%3Bi%3A1%3Bs%3A32%3A%22kvj_YY6JtkoJ263NRHlPtUKMRhaQRbpA%22%3B%7D'
    'PATH' => '/usr/local/sbin:/usr/local/bin:/usr/sbin:/usr/bin:/sbin:/bin'
    'SERVER_SIGNATURE' => '<address>Apache/2.4.18 (Ubuntu) Server at monitoring.mutu.test Port 80</address>
'
    'SERVER_SOFTWARE' => 'Apache/2.4.18 (Ubuntu)'
    'SERVER_NAME' => 'monitoring.mutu.test'
    'SERVER_ADDR' => '192.168.2.2'
    'SERVER_PORT' => '80'
    'REMOTE_ADDR' => '192.168.2.1'
    'DOCUMENT_ROOT' => '/app/monitoring/web'
    'REQUEST_SCHEME' => 'http'
    'CONTEXT_PREFIX' => ''
    'CONTEXT_DOCUMENT_ROOT' => '/app/monitoring/web'
    'SERVER_ADMIN' => 'admin@mutu.test'
    'SCRIPT_FILENAME' => '/app/monitoring/web/index.php'
    'REMOTE_PORT' => '49476'
    'GATEWAY_INTERFACE' => 'CGI/1.1'
    'SERVER_PROTOCOL' => 'HTTP/1.1'
    'REQUEST_METHOD' => 'GET'
    'QUERY_STRING' => ''
    'REQUEST_URI' => '/'
    'SCRIPT_NAME' => '/index.php'
    'PHP_SELF' => '/index.php'
    'REQUEST_TIME_FLOAT' => 1556849334.792
    'REQUEST_TIME' => 1556849334
]
2019-05-03 02:08:56 [192.168.2.1][-][-][warning][yii\log\Dispatcher::dispatch] Unable to send log via yii\debug\LogTarget: Exception (Invalid Configuration) 'yii\base\InvalidConfigException' with message 'Unable to open debug data index file: /app/monitoring/runtime/debug/index.data' 

in /app/vendor/yiisoft/yii2-debug/src/LogTarget.php:88

Stack trace:
#0 /app/vendor/yiisoft/yii2-debug/src/LogTarget.php(74): yii\debug\LogTarget->updateIndexFile('/app/monitoring...', Array)
#1 /app/vendor/yiisoft/yii2-debug/src/LogTarget.php(130): yii\debug\LogTarget->export()
#2 /app/vendor/yiisoft/yii2/log/Dispatcher.php(189): yii\debug\LogTarget->collect(Array, true)
#3 /app/vendor/yiisoft/yii2/log/Logger.php(177): yii\log\Dispatcher->dispatch(Array, true)
#4 [internal function]: yii\log\Logger->flush(true)
#5 {main}
2019-05-03 02:08:55 [192.168.2.1][-][-][info][application] $_GET = []

$_POST = []

$_FILES = []

$_COOKIE = [
    'advanced-monitoring' => 'bsl9qb0nu8lvnio9nkcbrkdpq7'
    '_csrf-monitoring' => '00a22e9df0adfc242f29d9d1aac91074c5c50d1d11834a161097a8dce6322c78a:2:{i:0;s:16:\"_csrf-monitoring\";i:1;s:32:\"kvj_YY6JtkoJ263NRHlPtUKMRhaQRbpA\";}'
]

$_SESSION = [
    '__flash' => []
    '__returnUrl' => '/'
]

$_SERVER = [
    'HTTP_HOST' => 'monitoring.mutu.test'
    'HTTP_CONNECTION' => 'keep-alive'
    'HTTP_UPGRADE_INSECURE_REQUESTS' => '1'
    'HTTP_USER_AGENT' => 'Mozilla/5.0 (X11; Linux x86_64) AppleWebKit/537.36 (KHTML, like Gecko) Chrome/74.0.3729.131 Safari/537.36'
    'HTTP_DNT' => '1'
    'HTTP_ACCEPT' => 'text/html,application/xhtml+xml,application/xml;q=0.9,image/webp,image/apng,*/*;q=0.8,application/signed-exchange;v=b3'
    'HTTP_ACCEPT_ENCODING' => 'gzip, deflate'
    'HTTP_ACCEPT_LANGUAGE' => 'en-US,en;q=0.9,id-ID;q=0.8,id;q=0.7,en-GB;q=0.6'
    'HTTP_COOKIE' => 'advanced-monitoring=bsl9qb0nu8lvnio9nkcbrkdpq7; _csrf-monitoring=00a22e9df0adfc242f29d9d1aac91074c5c50d1d11834a161097a8dce6322c78a%3A2%3A%7Bi%3A0%3Bs%3A16%3A%22_csrf-monitoring%22%3Bi%3A1%3Bs%3A32%3A%22kvj_YY6JtkoJ263NRHlPtUKMRhaQRbpA%22%3B%7D'
    'PATH' => '/usr/local/sbin:/usr/local/bin:/usr/sbin:/usr/bin:/sbin:/bin'
    'SERVER_SIGNATURE' => '<address>Apache/2.4.18 (Ubuntu) Server at monitoring.mutu.test Port 80</address>
'
    'SERVER_SOFTWARE' => 'Apache/2.4.18 (Ubuntu)'
    'SERVER_NAME' => 'monitoring.mutu.test'
    'SERVER_ADDR' => '192.168.2.2'
    'SERVER_PORT' => '80'
    'REMOTE_ADDR' => '192.168.2.1'
    'DOCUMENT_ROOT' => '/app/monitoring/web'
    'REQUEST_SCHEME' => 'http'
    'CONTEXT_PREFIX' => ''
    'CONTEXT_DOCUMENT_ROOT' => '/app/monitoring/web'
    'SERVER_ADMIN' => 'admin@mutu.test'
    'SCRIPT_FILENAME' => '/app/monitoring/web/index.php'
    'REMOTE_PORT' => '49476'
    'GATEWAY_INTERFACE' => 'CGI/1.1'
    'SERVER_PROTOCOL' => 'HTTP/1.1'
    'REQUEST_METHOD' => 'GET'
    'QUERY_STRING' => ''
    'REQUEST_URI' => '/'
    'SCRIPT_NAME' => '/index.php'
    'PHP_SELF' => '/index.php'
    'REQUEST_TIME_FLOAT' => 1556849334.792
    'REQUEST_TIME' => 1556849334
]
2019-05-03 02:08:56 [192.168.2.1][-][-][warning][yii\debug\Module::checkAccess] Access to debugger is denied due to IP address restriction. The requesting IP address is 192.168.2.1
    in /app/monitoring/views/layouts/main.php:77
    in /app/monitoring/controllers/SiteController.php:84
2019-05-03 02:08:56 [192.168.2.1][-][-][warning][yii\debug\Module::checkAccess] Access to debugger is denied due to IP address restriction. The requesting IP address is 192.168.2.1
2019-05-03 02:08:56 [192.168.2.1][-][-][info][application] $_GET = []

$_POST = []

$_FILES = []

$_COOKIE = [
    'advanced-monitoring' => 'bsl9qb0nu8lvnio9nkcbrkdpq7'
    '_csrf-monitoring' => '00a22e9df0adfc242f29d9d1aac91074c5c50d1d11834a161097a8dce6322c78a:2:{i:0;s:16:\"_csrf-monitoring\";i:1;s:32:\"kvj_YY6JtkoJ263NRHlPtUKMRhaQRbpA\";}'
]

$_SESSION = [
    '__flash' => []
    '__returnUrl' => '/'
]

$_SERVER = [
    'REDIRECT_STATUS' => '200'
    'HTTP_HOST' => 'monitoring.mutu.test'
    'HTTP_CONNECTION' => 'keep-alive'
    'HTTP_UPGRADE_INSECURE_REQUESTS' => '1'
    'HTTP_USER_AGENT' => 'Mozilla/5.0 (X11; Linux x86_64) AppleWebKit/537.36 (KHTML, like Gecko) Chrome/74.0.3729.131 Safari/537.36'
    'HTTP_DNT' => '1'
    'HTTP_ACCEPT' => 'text/html,application/xhtml+xml,application/xml;q=0.9,image/webp,image/apng,*/*;q=0.8,application/signed-exchange;v=b3'
    'HTTP_ACCEPT_ENCODING' => 'gzip, deflate'
    'HTTP_ACCEPT_LANGUAGE' => 'en-US,en;q=0.9,id-ID;q=0.8,id;q=0.7,en-GB;q=0.6'
    'HTTP_COOKIE' => 'advanced-monitoring=bsl9qb0nu8lvnio9nkcbrkdpq7; _csrf-monitoring=00a22e9df0adfc242f29d9d1aac91074c5c50d1d11834a161097a8dce6322c78a%3A2%3A%7Bi%3A0%3Bs%3A16%3A%22_csrf-monitoring%22%3Bi%3A1%3Bs%3A32%3A%22kvj_YY6JtkoJ263NRHlPtUKMRhaQRbpA%22%3B%7D'
    'PATH' => '/usr/local/sbin:/usr/local/bin:/usr/sbin:/usr/bin:/sbin:/bin'
    'SERVER_SIGNATURE' => '<address>Apache/2.4.18 (Ubuntu) Server at monitoring.mutu.test Port 80</address>
'
    'SERVER_SOFTWARE' => 'Apache/2.4.18 (Ubuntu)'
    'SERVER_NAME' => 'monitoring.mutu.test'
    'SERVER_ADDR' => '192.168.2.2'
    'SERVER_PORT' => '80'
    'REMOTE_ADDR' => '192.168.2.1'
    'DOCUMENT_ROOT' => '/app/monitoring/web'
    'REQUEST_SCHEME' => 'http'
    'CONTEXT_PREFIX' => ''
    'CONTEXT_DOCUMENT_ROOT' => '/app/monitoring/web'
    'SERVER_ADMIN' => 'admin@mutu.test'
    'SCRIPT_FILENAME' => '/app/monitoring/web/index.php'
    'REMOTE_PORT' => '49476'
    'REDIRECT_URL' => '/site/login'
    'GATEWAY_INTERFACE' => 'CGI/1.1'
    'SERVER_PROTOCOL' => 'HTTP/1.1'
    'REQUEST_METHOD' => 'GET'
    'QUERY_STRING' => ''
    'REQUEST_URI' => '/site/login'
    'SCRIPT_NAME' => '/index.php'
    'PHP_SELF' => '/index.php'
    'REQUEST_TIME_FLOAT' => 1556849336.105
    'REQUEST_TIME' => 1556849336
]
2019-05-03 02:08:56 [192.168.2.1][-][-][warning][yii\log\Dispatcher::dispatch] Unable to send log via yii\debug\LogTarget: Exception (Invalid Configuration) 'yii\base\InvalidConfigException' with message 'Unable to open debug data index file: /app/monitoring/runtime/debug/index.data' 

in /app/vendor/yiisoft/yii2-debug/src/LogTarget.php:88

Stack trace:
#0 /app/vendor/yiisoft/yii2-debug/src/LogTarget.php(74): yii\debug\LogTarget->updateIndexFile('/app/monitoring...', Array)
#1 /app/vendor/yiisoft/yii2-debug/src/LogTarget.php(130): yii\debug\LogTarget->export()
#2 /app/vendor/yiisoft/yii2/log/Dispatcher.php(189): yii\debug\LogTarget->collect(Array, true)
#3 /app/vendor/yiisoft/yii2/log/Logger.php(177): yii\log\Dispatcher->dispatch(Array, true)
#4 [internal function]: yii\log\Logger->flush(true)
#5 {main}
2019-05-03 02:08:56 [192.168.2.1][-][-][info][application] $_GET = []

$_POST = []

$_FILES = []

$_COOKIE = [
    'advanced-monitoring' => 'bsl9qb0nu8lvnio9nkcbrkdpq7'
    '_csrf-monitoring' => '00a22e9df0adfc242f29d9d1aac91074c5c50d1d11834a161097a8dce6322c78a:2:{i:0;s:16:\"_csrf-monitoring\";i:1;s:32:\"kvj_YY6JtkoJ263NRHlPtUKMRhaQRbpA\";}'
]

$_SESSION = [
    '__flash' => []
    '__returnUrl' => '/'
]

$_SERVER = [
    'REDIRECT_STATUS' => '200'
    'HTTP_HOST' => 'monitoring.mutu.test'
    'HTTP_CONNECTION' => 'keep-alive'
    'HTTP_UPGRADE_INSECURE_REQUESTS' => '1'
    'HTTP_USER_AGENT' => 'Mozilla/5.0 (X11; Linux x86_64) AppleWebKit/537.36 (KHTML, like Gecko) Chrome/74.0.3729.131 Safari/537.36'
    'HTTP_DNT' => '1'
    'HTTP_ACCEPT' => 'text/html,application/xhtml+xml,application/xml;q=0.9,image/webp,image/apng,*/*;q=0.8,application/signed-exchange;v=b3'
    'HTTP_ACCEPT_ENCODING' => 'gzip, deflate'
    'HTTP_ACCEPT_LANGUAGE' => 'en-US,en;q=0.9,id-ID;q=0.8,id;q=0.7,en-GB;q=0.6'
    'HTTP_COOKIE' => 'advanced-monitoring=bsl9qb0nu8lvnio9nkcbrkdpq7; _csrf-monitoring=00a22e9df0adfc242f29d9d1aac91074c5c50d1d11834a161097a8dce6322c78a%3A2%3A%7Bi%3A0%3Bs%3A16%3A%22_csrf-monitoring%22%3Bi%3A1%3Bs%3A32%3A%22kvj_YY6JtkoJ263NRHlPtUKMRhaQRbpA%22%3B%7D'
    'PATH' => '/usr/local/sbin:/usr/local/bin:/usr/sbin:/usr/bin:/sbin:/bin'
    'SERVER_SIGNATURE' => '<address>Apache/2.4.18 (Ubuntu) Server at monitoring.mutu.test Port 80</address>
'
    'SERVER_SOFTWARE' => 'Apache/2.4.18 (Ubuntu)'
    'SERVER_NAME' => 'monitoring.mutu.test'
    'SERVER_ADDR' => '192.168.2.2'
    'SERVER_PORT' => '80'
    'REMOTE_ADDR' => '192.168.2.1'
    'DOCUMENT_ROOT' => '/app/monitoring/web'
    'REQUEST_SCHEME' => 'http'
    'CONTEXT_PREFIX' => ''
    'CONTEXT_DOCUMENT_ROOT' => '/app/monitoring/web'
    'SERVER_ADMIN' => 'admin@mutu.test'
    'SCRIPT_FILENAME' => '/app/monitoring/web/index.php'
    'REMOTE_PORT' => '49476'
    'REDIRECT_URL' => '/site/login'
    'GATEWAY_INTERFACE' => 'CGI/1.1'
    'SERVER_PROTOCOL' => 'HTTP/1.1'
    'REQUEST_METHOD' => 'GET'
    'QUERY_STRING' => ''
    'REQUEST_URI' => '/site/login'
    'SCRIPT_NAME' => '/index.php'
    'PHP_SELF' => '/index.php'
    'REQUEST_TIME_FLOAT' => 1556849336.105
    'REQUEST_TIME' => 1556849336
]
2019-05-03 02:12:40 [192.168.2.1][-][-][warning][yii\debug\Module::checkAccess] Access to debugger is denied due to IP address restriction. The requesting IP address is 192.168.2.1
    in /app/monitoring/views/layouts/main.php:77
    in /app/monitoring/controllers/SiteController.php:84
2019-05-03 02:12:40 [192.168.2.1][-][-][warning][yii\debug\Module::checkAccess] Access to debugger is denied due to IP address restriction. The requesting IP address is 192.168.2.1
2019-05-03 02:12:39 [192.168.2.1][-][-][info][application] $_GET = []

$_POST = []

$_FILES = []

$_COOKIE = [
    'advanced-monitoring' => 'bsl9qb0nu8lvnio9nkcbrkdpq7'
    '_csrf-monitoring' => 'e5743c00b466405cd8e0c57278d2151fd6b240f0dc8a31912fe525ffd60d61f5a:2:{i:0;s:16:\"_csrf-monitoring\";i:1;s:32:\"EJzyHRekdUSs2OnwXk9Fp3fz0fTIYIj4\";}'
]

$_SESSION = [
    '__flash' => []
    '__returnUrl' => '/'
]

$_SERVER = [
    'REDIRECT_STATUS' => '200'
    'HTTP_HOST' => 'monitoring.mutu.test'
    'HTTP_CONNECTION' => 'keep-alive'
    'HTTP_CACHE_CONTROL' => 'max-age=0'
    'HTTP_UPGRADE_INSECURE_REQUESTS' => '1'
    'HTTP_USER_AGENT' => 'Mozilla/5.0 (X11; Linux x86_64) AppleWebKit/537.36 (KHTML, like Gecko) Chrome/74.0.3729.131 Safari/537.36'
    'HTTP_DNT' => '1'
    'HTTP_ACCEPT' => 'text/html,application/xhtml+xml,application/xml;q=0.9,image/webp,image/apng,*/*;q=0.8,application/signed-exchange;v=b3'
    'HTTP_ACCEPT_ENCODING' => 'gzip, deflate'
    'HTTP_ACCEPT_LANGUAGE' => 'en-US,en;q=0.9,id-ID;q=0.8,id;q=0.7,en-GB;q=0.6'
    'HTTP_COOKIE' => 'advanced-monitoring=bsl9qb0nu8lvnio9nkcbrkdpq7; _csrf-monitoring=e5743c00b466405cd8e0c57278d2151fd6b240f0dc8a31912fe525ffd60d61f5a%3A2%3A%7Bi%3A0%3Bs%3A16%3A%22_csrf-monitoring%22%3Bi%3A1%3Bs%3A32%3A%22EJzyHRekdUSs2OnwXk9Fp3fz0fTIYIj4%22%3B%7D'
    'PATH' => '/usr/local/sbin:/usr/local/bin:/usr/sbin:/usr/bin:/sbin:/bin'
    'SERVER_SIGNATURE' => '<address>Apache/2.4.18 (Ubuntu) Server at monitoring.mutu.test Port 80</address>
'
    'SERVER_SOFTWARE' => 'Apache/2.4.18 (Ubuntu)'
    'SERVER_NAME' => 'monitoring.mutu.test'
    'SERVER_ADDR' => '192.168.2.2'
    'SERVER_PORT' => '80'
    'REMOTE_ADDR' => '192.168.2.1'
    'DOCUMENT_ROOT' => '/app/monitoring/web'
    'REQUEST_SCHEME' => 'http'
    'CONTEXT_PREFIX' => ''
    'CONTEXT_DOCUMENT_ROOT' => '/app/monitoring/web'
    'SERVER_ADMIN' => 'admin@mutu.test'
    'SCRIPT_FILENAME' => '/app/monitoring/web/index.php'
    'REMOTE_PORT' => '49616'
    'REDIRECT_URL' => '/site/login'
    'GATEWAY_INTERFACE' => 'CGI/1.1'
    'SERVER_PROTOCOL' => 'HTTP/1.1'
    'REQUEST_METHOD' => 'GET'
    'QUERY_STRING' => ''
    'REQUEST_URI' => '/site/login'
    'SCRIPT_NAME' => '/index.php'
    'PHP_SELF' => '/index.php'
    'REQUEST_TIME_FLOAT' => 1556849559.675
    'REQUEST_TIME' => 1556849559
]
2019-05-03 02:12:40 [192.168.2.1][-][-][warning][yii\log\Dispatcher::dispatch] Unable to send log via yii\debug\LogTarget: Exception (Invalid Configuration) 'yii\base\InvalidConfigException' with message 'Unable to open debug data index file: /app/monitoring/runtime/debug/index.data' 

in /app/vendor/yiisoft/yii2-debug/src/LogTarget.php:88

Stack trace:
#0 /app/vendor/yiisoft/yii2-debug/src/LogTarget.php(74): yii\debug\LogTarget->updateIndexFile('/app/monitoring...', Array)
#1 /app/vendor/yiisoft/yii2-debug/src/LogTarget.php(130): yii\debug\LogTarget->export()
#2 /app/vendor/yiisoft/yii2/log/Dispatcher.php(189): yii\debug\LogTarget->collect(Array, true)
#3 /app/vendor/yiisoft/yii2/log/Logger.php(177): yii\log\Dispatcher->dispatch(Array, true)
#4 [internal function]: yii\log\Logger->flush(true)
#5 {main}
2019-05-03 02:12:39 [192.168.2.1][-][-][info][application] $_GET = []

$_POST = []

$_FILES = []

$_COOKIE = [
    'advanced-monitoring' => 'bsl9qb0nu8lvnio9nkcbrkdpq7'
    '_csrf-monitoring' => 'e5743c00b466405cd8e0c57278d2151fd6b240f0dc8a31912fe525ffd60d61f5a:2:{i:0;s:16:\"_csrf-monitoring\";i:1;s:32:\"EJzyHRekdUSs2OnwXk9Fp3fz0fTIYIj4\";}'
]

$_SESSION = [
    '__flash' => []
    '__returnUrl' => '/'
]

$_SERVER = [
    'REDIRECT_STATUS' => '200'
    'HTTP_HOST' => 'monitoring.mutu.test'
    'HTTP_CONNECTION' => 'keep-alive'
    'HTTP_CACHE_CONTROL' => 'max-age=0'
    'HTTP_UPGRADE_INSECURE_REQUESTS' => '1'
    'HTTP_USER_AGENT' => 'Mozilla/5.0 (X11; Linux x86_64) AppleWebKit/537.36 (KHTML, like Gecko) Chrome/74.0.3729.131 Safari/537.36'
    'HTTP_DNT' => '1'
    'HTTP_ACCEPT' => 'text/html,application/xhtml+xml,application/xml;q=0.9,image/webp,image/apng,*/*;q=0.8,application/signed-exchange;v=b3'
    'HTTP_ACCEPT_ENCODING' => 'gzip, deflate'
    'HTTP_ACCEPT_LANGUAGE' => 'en-US,en;q=0.9,id-ID;q=0.8,id;q=0.7,en-GB;q=0.6'
    'HTTP_COOKIE' => 'advanced-monitoring=bsl9qb0nu8lvnio9nkcbrkdpq7; _csrf-monitoring=e5743c00b466405cd8e0c57278d2151fd6b240f0dc8a31912fe525ffd60d61f5a%3A2%3A%7Bi%3A0%3Bs%3A16%3A%22_csrf-monitoring%22%3Bi%3A1%3Bs%3A32%3A%22EJzyHRekdUSs2OnwXk9Fp3fz0fTIYIj4%22%3B%7D'
    'PATH' => '/usr/local/sbin:/usr/local/bin:/usr/sbin:/usr/bin:/sbin:/bin'
    'SERVER_SIGNATURE' => '<address>Apache/2.4.18 (Ubuntu) Server at monitoring.mutu.test Port 80</address>
'
    'SERVER_SOFTWARE' => 'Apache/2.4.18 (Ubuntu)'
    'SERVER_NAME' => 'monitoring.mutu.test'
    'SERVER_ADDR' => '192.168.2.2'
    'SERVER_PORT' => '80'
    'REMOTE_ADDR' => '192.168.2.1'
    'DOCUMENT_ROOT' => '/app/monitoring/web'
    'REQUEST_SCHEME' => 'http'
    'CONTEXT_PREFIX' => ''
    'CONTEXT_DOCUMENT_ROOT' => '/app/monitoring/web'
    'SERVER_ADMIN' => 'admin@mutu.test'
    'SCRIPT_FILENAME' => '/app/monitoring/web/index.php'
    'REMOTE_PORT' => '49616'
    'REDIRECT_URL' => '/site/login'
    'GATEWAY_INTERFACE' => 'CGI/1.1'
    'SERVER_PROTOCOL' => 'HTTP/1.1'
    'REQUEST_METHOD' => 'GET'
    'QUERY_STRING' => ''
    'REQUEST_URI' => '/site/login'
    'SCRIPT_NAME' => '/index.php'
    'PHP_SELF' => '/index.php'
    'REQUEST_TIME_FLOAT' => 1556849559.675
    'REQUEST_TIME' => 1556849559
]
2019-05-08 16:06:00 [127.0.0.1][-][-][error][yii\web\HttpException:404] yii\base\InvalidRouteException: Unable to resolve the request "". in /var/www/html/mutu/vendor/yiisoft/yii2/base/Module.php:537
Stack trace:
#0 /var/www/html/mutu/vendor/yiisoft/yii2/web/Application.php(103): yii\base\Module->runAction('', Array)
#1 /var/www/html/mutu/vendor/yiisoft/yii2/base/Application.php(386): yii\web\Application->handleRequest(Object(yii\web\Request))
#2 /var/www/html/mutu/admin/web/index.php(17): yii\base\Application->run()
#3 {main}

Next yii\web\NotFoundHttpException: Page not found. in /var/www/html/mutu/vendor/yiisoft/yii2/web/Application.php:115
Stack trace:
#0 /var/www/html/mutu/vendor/yiisoft/yii2/base/Application.php(386): yii\web\Application->handleRequest(Object(yii\web\Request))
#1 /var/www/html/mutu/admin/web/index.php(17): yii\base\Application->run()
#2 {main}
2019-05-08 16:06:00 [127.0.0.1][-][-][info][application] $_GET = []

$_POST = []

$_FILES = []

$_COOKIE = [
    '_identity' => '3d429e1bca02e5ddfecd34b300e320f2306a2e095587849036d8c749d2669807a:2:{i:0;s:9:\"_identity\";i:1;s:46:\"[1,\"Pwys0TRico7Ha4YSyX2fmjABrFskscxh\",2592000]\";}'
    '_identity-akreditasi' => 'd0812681e616cbbf2bb56e8bee8b4e121ab067f79b3a4ef9f98c9bbba5544900a:2:{i:0;s:20:\"_identity-akreditasi\";i:1;s:46:\"[1,\"Pwys0TRico7Ha4YSyX2fmjABrFskscxh\",2592000]\";}'
    'advanced-monitoring' => 'c7asr2i638vl5v07uv2irdcmem'
    '_csrf-monitoring' => 'd93ee464a1c5fe2ca439d5be15db92fcb6d2d82f27e73d87a4c1cf0fe6e28fe7a:2:{i:0;s:16:\"_csrf-monitoring\";i:1;s:32:\"2980ls5jMrp-w2O7XtYh-tPtJEAKKsSm\";}'
    '_identity-monitoring' => '328591c9f155a632b6e1be6b39154544c0185ab700f559b2a0d8ccb8440733b3a:2:{i:0;s:20:\"_identity-monitoring\";i:1;s:46:\"[1,\"Pwys0TRico7Ha4YSyX2fmjABrFskscxh\",2592000]\";}'
    'mutu-akreditasi' => 'lfc764a1t6je3cha845mj223o3'
    '_csrf-akreditasi' => 'a5b894686dbd47923bec2535fa0a95f2b258b485d08d7ed27ddad05bc6f2493ea:2:{i:0;s:16:\"_csrf-akreditasi\";i:1;s:32:\"1AFV2g7e21cSREejjVLTZtIFPnpzSNbq\";}'
]

$_SERVER = [
    'REDIRECT_STATUS' => '200'
    'HTTP_HOST' => 'localhost'
    'HTTP_USER_AGENT' => 'Mozilla/5.0 (X11; Linux x86_64; rv:67.0) Gecko/20100101 Firefox/67.0'
    'HTTP_ACCEPT' => 'text/html,application/xhtml+xml,application/xml;q=0.9,*/*;q=0.8'
    'HTTP_ACCEPT_LANGUAGE' => 'en-US,en;q=0.5'
    'HTTP_ACCEPT_ENCODING' => 'gzip, deflate'
    'HTTP_CONNECTION' => 'keep-alive'
    'HTTP_COOKIE' => '_identity=3d429e1bca02e5ddfecd34b300e320f2306a2e095587849036d8c749d2669807a%3A2%3A%7Bi%3A0%3Bs%3A9%3A%22_identity%22%3Bi%3A1%3Bs%3A46%3A%22%5B1%2C%22Pwys0TRico7Ha4YSyX2fmjABrFskscxh%22%2C2592000%5D%22%3B%7D; _identity-akreditasi=d0812681e616cbbf2bb56e8bee8b4e121ab067f79b3a4ef9f98c9bbba5544900a%3A2%3A%7Bi%3A0%3Bs%3A20%3A%22_identity-akreditasi%22%3Bi%3A1%3Bs%3A46%3A%22%5B1%2C%22Pwys0TRico7Ha4YSyX2fmjABrFskscxh%22%2C2592000%5D%22%3B%7D; advanced-monitoring=c7asr2i638vl5v07uv2irdcmem; _csrf-monitoring=d93ee464a1c5fe2ca439d5be15db92fcb6d2d82f27e73d87a4c1cf0fe6e28fe7a%3A2%3A%7Bi%3A0%3Bs%3A16%3A%22_csrf-monitoring%22%3Bi%3A1%3Bs%3A32%3A%222980ls5jMrp-w2O7XtYh-tPtJEAKKsSm%22%3B%7D; _identity-monitoring=328591c9f155a632b6e1be6b39154544c0185ab700f559b2a0d8ccb8440733b3a%3A2%3A%7Bi%3A0%3Bs%3A20%3A%22_identity-monitoring%22%3Bi%3A1%3Bs%3A46%3A%22%5B1%2C%22Pwys0TRico7Ha4YSyX2fmjABrFskscxh%22%2C2592000%5D%22%3B%7D; mutu-akreditasi=lfc764a1t6je3cha845mj223o3; _csrf-akreditasi=a5b894686dbd47923bec2535fa0a95f2b258b485d08d7ed27ddad05bc6f2493ea%3A2%3A%7Bi%3A0%3Bs%3A16%3A%22_csrf-akreditasi%22%3Bi%3A1%3Bs%3A32%3A%221AFV2g7e21cSREejjVLTZtIFPnpzSNbq%22%3B%7D'
    'HTTP_UPGRADE_INSECURE_REQUESTS' => '1'
    'PATH' => '/usr/local/sbin:/usr/local/bin:/usr/sbin:/usr/bin:/sbin:/bin:/snap/bin'
    'SERVER_SIGNATURE' => '<address>Apache/2.4.39 (Ubuntu) Server at localhost Port 80</address>
'
    'SERVER_SOFTWARE' => 'Apache/2.4.39 (Ubuntu)'
    'SERVER_NAME' => 'localhost'
    'SERVER_ADDR' => '127.0.0.1'
    'SERVER_PORT' => '80'
    'REMOTE_ADDR' => '127.0.0.1'
    'DOCUMENT_ROOT' => '/var/www/html'
    'REQUEST_SCHEME' => 'http'
    'CONTEXT_PREFIX' => ''
    'CONTEXT_DOCUMENT_ROOT' => '/var/www/html'
    'SERVER_ADMIN' => 'webmaster@localhost'
    'SCRIPT_FILENAME' => '/var/www/html/mutu/admin/web/index.php'
    'REMOTE_PORT' => '44820'
    'REDIRECT_URL' => '/mutu/admin/'
    'GATEWAY_INTERFACE' => 'CGI/1.1'
    'SERVER_PROTOCOL' => 'HTTP/1.1'
    'REQUEST_METHOD' => 'GET'
    'QUERY_STRING' => ''
    'REQUEST_URI' => '/mutu/admin/'
    'SCRIPT_NAME' => '/mutu/admin/web/index.php'
    'PHP_SELF' => '/mutu/admin/web/index.php'
    'REQUEST_TIME_FLOAT' => 1557331560.082
    'REQUEST_TIME' => 1557331560
]
2019-05-08 16:06:17 [127.0.0.1][-][-][error][yii\web\HttpException:404] yii\base\InvalidRouteException: Unable to resolve the request "". in /var/www/html/mutu/vendor/yiisoft/yii2/base/Module.php:537
Stack trace:
#0 /var/www/html/mutu/vendor/yiisoft/yii2/web/Application.php(103): yii\base\Module->runAction('', Array)
#1 /var/www/html/mutu/vendor/yiisoft/yii2/base/Application.php(386): yii\web\Application->handleRequest(Object(yii\web\Request))
#2 /var/www/html/mutu/admin/web/index.php(17): yii\base\Application->run()
#3 {main}

Next yii\web\NotFoundHttpException: Page not found. in /var/www/html/mutu/vendor/yiisoft/yii2/web/Application.php:115
Stack trace:
#0 /var/www/html/mutu/vendor/yiisoft/yii2/base/Application.php(386): yii\web\Application->handleRequest(Object(yii\web\Request))
#1 /var/www/html/mutu/admin/web/index.php(17): yii\base\Application->run()
#2 {main}
2019-05-08 16:06:17 [127.0.0.1][-][-][info][application] $_GET = []

$_POST = []

$_FILES = []

$_COOKIE = [
    '_identity' => '3d429e1bca02e5ddfecd34b300e320f2306a2e095587849036d8c749d2669807a:2:{i:0;s:9:\"_identity\";i:1;s:46:\"[1,\"Pwys0TRico7Ha4YSyX2fmjABrFskscxh\",2592000]\";}'
    '_identity-akreditasi' => 'd0812681e616cbbf2bb56e8bee8b4e121ab067f79b3a4ef9f98c9bbba5544900a:2:{i:0;s:20:\"_identity-akreditasi\";i:1;s:46:\"[1,\"Pwys0TRico7Ha4YSyX2fmjABrFskscxh\",2592000]\";}'
    'advanced-monitoring' => 'c7asr2i638vl5v07uv2irdcmem'
    '_csrf-monitoring' => 'd93ee464a1c5fe2ca439d5be15db92fcb6d2d82f27e73d87a4c1cf0fe6e28fe7a:2:{i:0;s:16:\"_csrf-monitoring\";i:1;s:32:\"2980ls5jMrp-w2O7XtYh-tPtJEAKKsSm\";}'
    '_identity-monitoring' => '328591c9f155a632b6e1be6b39154544c0185ab700f559b2a0d8ccb8440733b3a:2:{i:0;s:20:\"_identity-monitoring\";i:1;s:46:\"[1,\"Pwys0TRico7Ha4YSyX2fmjABrFskscxh\",2592000]\";}'
    'mutu-akreditasi' => 'lfc764a1t6je3cha845mj223o3'
    '_csrf-akreditasi' => 'a5b894686dbd47923bec2535fa0a95f2b258b485d08d7ed27ddad05bc6f2493ea:2:{i:0;s:16:\"_csrf-akreditasi\";i:1;s:32:\"1AFV2g7e21cSREejjVLTZtIFPnpzSNbq\";}'
]

$_SERVER = [
    'REDIRECT_STATUS' => '200'
    'HTTP_HOST' => 'localhost'
    'HTTP_USER_AGENT' => 'Mozilla/5.0 (X11; Linux x86_64; rv:67.0) Gecko/20100101 Firefox/67.0'
    'HTTP_ACCEPT' => 'text/html,application/xhtml+xml,application/xml;q=0.9,*/*;q=0.8'
    'HTTP_ACCEPT_LANGUAGE' => 'en-US,en;q=0.5'
    'HTTP_ACCEPT_ENCODING' => 'gzip, deflate'
    'HTTP_CONNECTION' => 'keep-alive'
    'HTTP_COOKIE' => '_identity=3d429e1bca02e5ddfecd34b300e320f2306a2e095587849036d8c749d2669807a%3A2%3A%7Bi%3A0%3Bs%3A9%3A%22_identity%22%3Bi%3A1%3Bs%3A46%3A%22%5B1%2C%22Pwys0TRico7Ha4YSyX2fmjABrFskscxh%22%2C2592000%5D%22%3B%7D; _identity-akreditasi=d0812681e616cbbf2bb56e8bee8b4e121ab067f79b3a4ef9f98c9bbba5544900a%3A2%3A%7Bi%3A0%3Bs%3A20%3A%22_identity-akreditasi%22%3Bi%3A1%3Bs%3A46%3A%22%5B1%2C%22Pwys0TRico7Ha4YSyX2fmjABrFskscxh%22%2C2592000%5D%22%3B%7D; advanced-monitoring=c7asr2i638vl5v07uv2irdcmem; _csrf-monitoring=d93ee464a1c5fe2ca439d5be15db92fcb6d2d82f27e73d87a4c1cf0fe6e28fe7a%3A2%3A%7Bi%3A0%3Bs%3A16%3A%22_csrf-monitoring%22%3Bi%3A1%3Bs%3A32%3A%222980ls5jMrp-w2O7XtYh-tPtJEAKKsSm%22%3B%7D; _identity-monitoring=328591c9f155a632b6e1be6b39154544c0185ab700f559b2a0d8ccb8440733b3a%3A2%3A%7Bi%3A0%3Bs%3A20%3A%22_identity-monitoring%22%3Bi%3A1%3Bs%3A46%3A%22%5B1%2C%22Pwys0TRico7Ha4YSyX2fmjABrFskscxh%22%2C2592000%5D%22%3B%7D; mutu-akreditasi=lfc764a1t6je3cha845mj223o3; _csrf-akreditasi=a5b894686dbd47923bec2535fa0a95f2b258b485d08d7ed27ddad05bc6f2493ea%3A2%3A%7Bi%3A0%3Bs%3A16%3A%22_csrf-akreditasi%22%3Bi%3A1%3Bs%3A32%3A%221AFV2g7e21cSREejjVLTZtIFPnpzSNbq%22%3B%7D'
    'HTTP_UPGRADE_INSECURE_REQUESTS' => '1'
    'PATH' => '/usr/local/sbin:/usr/local/bin:/usr/sbin:/usr/bin:/sbin:/bin:/snap/bin'
    'SERVER_SIGNATURE' => '<address>Apache/2.4.39 (Ubuntu) Server at localhost Port 80</address>
'
    'SERVER_SOFTWARE' => 'Apache/2.4.39 (Ubuntu)'
    'SERVER_NAME' => 'localhost'
    'SERVER_ADDR' => '127.0.0.1'
    'SERVER_PORT' => '80'
    'REMOTE_ADDR' => '127.0.0.1'
    'DOCUMENT_ROOT' => '/var/www/html'
    'REQUEST_SCHEME' => 'http'
    'CONTEXT_PREFIX' => ''
    'CONTEXT_DOCUMENT_ROOT' => '/var/www/html'
    'SERVER_ADMIN' => 'webmaster@localhost'
    'SCRIPT_FILENAME' => '/var/www/html/mutu/admin/web/index.php'
    'REMOTE_PORT' => '44868'
    'REDIRECT_URL' => '/mutu/admin/'
    'GATEWAY_INTERFACE' => 'CGI/1.1'
    'SERVER_PROTOCOL' => 'HTTP/1.1'
    'REQUEST_METHOD' => 'GET'
    'QUERY_STRING' => ''
    'REQUEST_URI' => '/mutu/admin/'
    'SCRIPT_NAME' => '/mutu/admin/web/index.php'
    'PHP_SELF' => '/mutu/admin/web/index.php'
    'REQUEST_TIME_FLOAT' => 1557331577.154
    'REQUEST_TIME' => 1557331577
]
2019-05-08 16:07:19 [127.0.0.1][-][-][error][yii\web\HttpException:404] yii\base\InvalidRouteException: Unable to resolve the request "". in /var/www/html/mutu/vendor/yiisoft/yii2/base/Module.php:537
Stack trace:
#0 /var/www/html/mutu/vendor/yiisoft/yii2/web/Application.php(103): yii\base\Module->runAction('', Array)
#1 /var/www/html/mutu/vendor/yiisoft/yii2/base/Application.php(386): yii\web\Application->handleRequest(Object(yii\web\Request))
#2 /var/www/html/mutu/admin/web/index.php(17): yii\base\Application->run()
#3 {main}

Next yii\web\NotFoundHttpException: Page not found. in /var/www/html/mutu/vendor/yiisoft/yii2/web/Application.php:115
Stack trace:
#0 /var/www/html/mutu/vendor/yiisoft/yii2/base/Application.php(386): yii\web\Application->handleRequest(Object(yii\web\Request))
#1 /var/www/html/mutu/admin/web/index.php(17): yii\base\Application->run()
#2 {main}
2019-05-08 16:07:19 [127.0.0.1][-][-][info][application] $_GET = []

$_POST = []

$_FILES = []

$_COOKIE = [
    '_identity' => '3d429e1bca02e5ddfecd34b300e320f2306a2e095587849036d8c749d2669807a:2:{i:0;s:9:\"_identity\";i:1;s:46:\"[1,\"Pwys0TRico7Ha4YSyX2fmjABrFskscxh\",2592000]\";}'
    '_identity-akreditasi' => 'd0812681e616cbbf2bb56e8bee8b4e121ab067f79b3a4ef9f98c9bbba5544900a:2:{i:0;s:20:\"_identity-akreditasi\";i:1;s:46:\"[1,\"Pwys0TRico7Ha4YSyX2fmjABrFskscxh\",2592000]\";}'
    'advanced-monitoring' => 'c7asr2i638vl5v07uv2irdcmem'
    '_csrf-monitoring' => 'd93ee464a1c5fe2ca439d5be15db92fcb6d2d82f27e73d87a4c1cf0fe6e28fe7a:2:{i:0;s:16:\"_csrf-monitoring\";i:1;s:32:\"2980ls5jMrp-w2O7XtYh-tPtJEAKKsSm\";}'
    '_identity-monitoring' => '328591c9f155a632b6e1be6b39154544c0185ab700f559b2a0d8ccb8440733b3a:2:{i:0;s:20:\"_identity-monitoring\";i:1;s:46:\"[1,\"Pwys0TRico7Ha4YSyX2fmjABrFskscxh\",2592000]\";}'
    'mutu-akreditasi' => 'lfc764a1t6je3cha845mj223o3'
    '_csrf-akreditasi' => 'a5b894686dbd47923bec2535fa0a95f2b258b485d08d7ed27ddad05bc6f2493ea:2:{i:0;s:16:\"_csrf-akreditasi\";i:1;s:32:\"1AFV2g7e21cSREejjVLTZtIFPnpzSNbq\";}'
]

$_SERVER = [
    'REDIRECT_STATUS' => '200'
    'HTTP_HOST' => 'localhost'
    'HTTP_USER_AGENT' => 'Mozilla/5.0 (X11; Linux x86_64; rv:67.0) Gecko/20100101 Firefox/67.0'
    'HTTP_ACCEPT' => 'text/html,application/xhtml+xml,application/xml;q=0.9,*/*;q=0.8'
    'HTTP_ACCEPT_LANGUAGE' => 'en-US,en;q=0.5'
    'HTTP_ACCEPT_ENCODING' => 'gzip, deflate'
    'HTTP_CONNECTION' => 'keep-alive'
    'HTTP_COOKIE' => '_identity=3d429e1bca02e5ddfecd34b300e320f2306a2e095587849036d8c749d2669807a%3A2%3A%7Bi%3A0%3Bs%3A9%3A%22_identity%22%3Bi%3A1%3Bs%3A46%3A%22%5B1%2C%22Pwys0TRico7Ha4YSyX2fmjABrFskscxh%22%2C2592000%5D%22%3B%7D; _identity-akreditasi=d0812681e616cbbf2bb56e8bee8b4e121ab067f79b3a4ef9f98c9bbba5544900a%3A2%3A%7Bi%3A0%3Bs%3A20%3A%22_identity-akreditasi%22%3Bi%3A1%3Bs%3A46%3A%22%5B1%2C%22Pwys0TRico7Ha4YSyX2fmjABrFskscxh%22%2C2592000%5D%22%3B%7D; advanced-monitoring=c7asr2i638vl5v07uv2irdcmem; _csrf-monitoring=d93ee464a1c5fe2ca439d5be15db92fcb6d2d82f27e73d87a4c1cf0fe6e28fe7a%3A2%3A%7Bi%3A0%3Bs%3A16%3A%22_csrf-monitoring%22%3Bi%3A1%3Bs%3A32%3A%222980ls5jMrp-w2O7XtYh-tPtJEAKKsSm%22%3B%7D; _identity-monitoring=328591c9f155a632b6e1be6b39154544c0185ab700f559b2a0d8ccb8440733b3a%3A2%3A%7Bi%3A0%3Bs%3A20%3A%22_identity-monitoring%22%3Bi%3A1%3Bs%3A46%3A%22%5B1%2C%22Pwys0TRico7Ha4YSyX2fmjABrFskscxh%22%2C2592000%5D%22%3B%7D; mutu-akreditasi=lfc764a1t6je3cha845mj223o3; _csrf-akreditasi=a5b894686dbd47923bec2535fa0a95f2b258b485d08d7ed27ddad05bc6f2493ea%3A2%3A%7Bi%3A0%3Bs%3A16%3A%22_csrf-akreditasi%22%3Bi%3A1%3Bs%3A32%3A%221AFV2g7e21cSREejjVLTZtIFPnpzSNbq%22%3B%7D'
    'HTTP_UPGRADE_INSECURE_REQUESTS' => '1'
    'HTTP_CACHE_CONTROL' => 'max-age=0'
    'PATH' => '/usr/local/sbin:/usr/local/bin:/usr/sbin:/usr/bin:/sbin:/bin:/snap/bin'
    'SERVER_SIGNATURE' => '<address>Apache/2.4.39 (Ubuntu) Server at localhost Port 80</address>
'
    'SERVER_SOFTWARE' => 'Apache/2.4.39 (Ubuntu)'
    'SERVER_NAME' => 'localhost'
    'SERVER_ADDR' => '127.0.0.1'
    'SERVER_PORT' => '80'
    'REMOTE_ADDR' => '127.0.0.1'
    'DOCUMENT_ROOT' => '/var/www/html'
    'REQUEST_SCHEME' => 'http'
    'CONTEXT_PREFIX' => ''
    'CONTEXT_DOCUMENT_ROOT' => '/var/www/html'
    'SERVER_ADMIN' => 'webmaster@localhost'
    'SCRIPT_FILENAME' => '/var/www/html/mutu/admin/web/index.php'
    'REMOTE_PORT' => '44882'
    'REDIRECT_URL' => '/mutu/admin/'
    'GATEWAY_INTERFACE' => 'CGI/1.1'
    'SERVER_PROTOCOL' => 'HTTP/1.1'
    'REQUEST_METHOD' => 'GET'
    'QUERY_STRING' => ''
    'REQUEST_URI' => '/mutu/admin/'
    'SCRIPT_NAME' => '/mutu/admin/web/index.php'
    'PHP_SELF' => '/mutu/admin/web/index.php'
    'REQUEST_TIME_FLOAT' => 1557331639.296
    'REQUEST_TIME' => 1557331639
]
2019-05-08 16:07:24 [127.0.0.1][-][-][error][yii\web\HttpException:404] yii\base\InvalidRouteException: Unable to resolve the request "". in /var/www/html/mutu/vendor/yiisoft/yii2/base/Module.php:537
Stack trace:
#0 /var/www/html/mutu/vendor/yiisoft/yii2/web/Application.php(103): yii\base\Module->runAction('', Array)
#1 /var/www/html/mutu/vendor/yiisoft/yii2/base/Application.php(386): yii\web\Application->handleRequest(Object(yii\web\Request))
#2 /var/www/html/mutu/admin/web/index.php(17): yii\base\Application->run()
#3 {main}

Next yii\web\NotFoundHttpException: Page not found. in /var/www/html/mutu/vendor/yiisoft/yii2/web/Application.php:115
Stack trace:
#0 /var/www/html/mutu/vendor/yiisoft/yii2/base/Application.php(386): yii\web\Application->handleRequest(Object(yii\web\Request))
#1 /var/www/html/mutu/admin/web/index.php(17): yii\base\Application->run()
#2 {main}
2019-05-08 16:07:24 [127.0.0.1][-][-][info][application] $_GET = []

$_POST = []

$_FILES = []

$_COOKIE = [
    '_identity' => '3d429e1bca02e5ddfecd34b300e320f2306a2e095587849036d8c749d2669807a:2:{i:0;s:9:\"_identity\";i:1;s:46:\"[1,\"Pwys0TRico7Ha4YSyX2fmjABrFskscxh\",2592000]\";}'
    '_identity-akreditasi' => 'd0812681e616cbbf2bb56e8bee8b4e121ab067f79b3a4ef9f98c9bbba5544900a:2:{i:0;s:20:\"_identity-akreditasi\";i:1;s:46:\"[1,\"Pwys0TRico7Ha4YSyX2fmjABrFskscxh\",2592000]\";}'
    'advanced-monitoring' => 'c7asr2i638vl5v07uv2irdcmem'
    '_csrf-monitoring' => 'd93ee464a1c5fe2ca439d5be15db92fcb6d2d82f27e73d87a4c1cf0fe6e28fe7a:2:{i:0;s:16:\"_csrf-monitoring\";i:1;s:32:\"2980ls5jMrp-w2O7XtYh-tPtJEAKKsSm\";}'
    '_identity-monitoring' => '328591c9f155a632b6e1be6b39154544c0185ab700f559b2a0d8ccb8440733b3a:2:{i:0;s:20:\"_identity-monitoring\";i:1;s:46:\"[1,\"Pwys0TRico7Ha4YSyX2fmjABrFskscxh\",2592000]\";}'
    'mutu-akreditasi' => 'lfc764a1t6je3cha845mj223o3'
    '_csrf-akreditasi' => 'a5b894686dbd47923bec2535fa0a95f2b258b485d08d7ed27ddad05bc6f2493ea:2:{i:0;s:16:\"_csrf-akreditasi\";i:1;s:32:\"1AFV2g7e21cSREejjVLTZtIFPnpzSNbq\";}'
]

$_SERVER = [
    'HTTP_HOST' => 'localhost'
    'HTTP_USER_AGENT' => 'Mozilla/5.0 (X11; Linux x86_64; rv:67.0) Gecko/20100101 Firefox/67.0'
    'HTTP_ACCEPT' => 'text/html,application/xhtml+xml,application/xml;q=0.9,*/*;q=0.8'
    'HTTP_ACCEPT_LANGUAGE' => 'en-US,en;q=0.5'
    'HTTP_ACCEPT_ENCODING' => 'gzip, deflate'
    'HTTP_CONNECTION' => 'keep-alive'
    'HTTP_COOKIE' => '_identity=3d429e1bca02e5ddfecd34b300e320f2306a2e095587849036d8c749d2669807a%3A2%3A%7Bi%3A0%3Bs%3A9%3A%22_identity%22%3Bi%3A1%3Bs%3A46%3A%22%5B1%2C%22Pwys0TRico7Ha4YSyX2fmjABrFskscxh%22%2C2592000%5D%22%3B%7D; _identity-akreditasi=d0812681e616cbbf2bb56e8bee8b4e121ab067f79b3a4ef9f98c9bbba5544900a%3A2%3A%7Bi%3A0%3Bs%3A20%3A%22_identity-akreditasi%22%3Bi%3A1%3Bs%3A46%3A%22%5B1%2C%22Pwys0TRico7Ha4YSyX2fmjABrFskscxh%22%2C2592000%5D%22%3B%7D; advanced-monitoring=c7asr2i638vl5v07uv2irdcmem; _csrf-monitoring=d93ee464a1c5fe2ca439d5be15db92fcb6d2d82f27e73d87a4c1cf0fe6e28fe7a%3A2%3A%7Bi%3A0%3Bs%3A16%3A%22_csrf-monitoring%22%3Bi%3A1%3Bs%3A32%3A%222980ls5jMrp-w2O7XtYh-tPtJEAKKsSm%22%3B%7D; _identity-monitoring=328591c9f155a632b6e1be6b39154544c0185ab700f559b2a0d8ccb8440733b3a%3A2%3A%7Bi%3A0%3Bs%3A20%3A%22_identity-monitoring%22%3Bi%3A1%3Bs%3A46%3A%22%5B1%2C%22Pwys0TRico7Ha4YSyX2fmjABrFskscxh%22%2C2592000%5D%22%3B%7D; mutu-akreditasi=lfc764a1t6je3cha845mj223o3; _csrf-akreditasi=a5b894686dbd47923bec2535fa0a95f2b258b485d08d7ed27ddad05bc6f2493ea%3A2%3A%7Bi%3A0%3Bs%3A16%3A%22_csrf-akreditasi%22%3Bi%3A1%3Bs%3A32%3A%221AFV2g7e21cSREejjVLTZtIFPnpzSNbq%22%3B%7D'
    'HTTP_UPGRADE_INSECURE_REQUESTS' => '1'
    'PATH' => '/usr/local/sbin:/usr/local/bin:/usr/sbin:/usr/bin:/sbin:/bin:/snap/bin'
    'SERVER_SIGNATURE' => '<address>Apache/2.4.39 (Ubuntu) Server at localhost Port 80</address>
'
    'SERVER_SOFTWARE' => 'Apache/2.4.39 (Ubuntu)'
    'SERVER_NAME' => 'localhost'
    'SERVER_ADDR' => '127.0.0.1'
    'SERVER_PORT' => '80'
    'REMOTE_ADDR' => '127.0.0.1'
    'DOCUMENT_ROOT' => '/var/www/html'
    'REQUEST_SCHEME' => 'http'
    'CONTEXT_PREFIX' => ''
    'CONTEXT_DOCUMENT_ROOT' => '/var/www/html'
    'SERVER_ADMIN' => 'webmaster@localhost'
    'SCRIPT_FILENAME' => '/var/www/html/mutu/admin/web/index.php'
    'REMOTE_PORT' => '44884'
    'GATEWAY_INTERFACE' => 'CGI/1.1'
    'SERVER_PROTOCOL' => 'HTTP/1.1'
    'REQUEST_METHOD' => 'GET'
    'QUERY_STRING' => ''
    'REQUEST_URI' => '/mutu/admin/web/'
    'SCRIPT_NAME' => '/mutu/admin/web/index.php'
    'PHP_SELF' => '/mutu/admin/web/index.php'
    'REQUEST_TIME_FLOAT' => 1557331644.878
    'REQUEST_TIME' => 1557331644
]
